Arguments: 
  /usr/local/bin/node /Users/federicozivolo/.yarn/bin/yarn.js publish --tag=beta

PATH: 
  /Users/federicozivolo/.yarn/bin:/usr/local/bin:/usr/bin:/bin:/usr/sbin:/sbin:/opt/X11/bin:/Users/federicozivolo/.yarn/bin:/usr/local/sbin:./node_modules/.bin:/usr/local/bin:/usr/local/sbin:./node_modules/.bin

Yarn version: 
  1.2.1

Node version: 
  8.4.0

Platform: 
  darwin x64

npm manifest: 
  {
    "name": "which-pm-runs-cli",
    "version": "1.0.0",
    "description": "Detects what package manager executes the process from CLI",
    "main": "index.js",
    "repository": "https://github.com/FezVrasta/which-pm-runs-cli",
    "author": "Federico Zivolo",
    "license": "MIT",
    "dependencies": {
      "which-pm-runs": "^1.0.0"
    },
    "bin": "./index.js"
  }

yarn manifest: 
  No manifest

Lockfile: 
  # THIS IS AN AUTOGENERATED FILE. DO NOT EDIT THIS FILE DIRECTLY.
  # yarn lockfile v1
  
  
  which-pm-runs@^1.0.0:
    version "1.0.0"
    resolved "https://registry.yarnpkg.com/which-pm-runs/-/which-pm-runs-1.0.0.tgz#670b3afbc552e0b55df6b7780ca74615f23ad1cb"

Trace: 
  Error: https://registry.yarnpkg.com/which-pm-runs-cli: You cannot publish over the previously published version 1.0.0.
      at Request.params.callback [as _callback] (/Users/federicozivolo/.yarn/lib/cli.js:62027:18)
      at Request.self.callback (/Users/federicozivolo/.yarn/lib/cli.js:123011:22)
      at emitTwo (events.js:125:13)
      at Request.emit (events.js:213:7)
      at Request.<anonymous> (/Users/federicozivolo/.yarn/lib/cli.js:123994:10)
      at emitOne (events.js:115:13)
      at Request.emit (events.js:210:7)
      at Gunzip.<anonymous> (/Users/federicozivolo/.yarn/lib/cli.js:123914:12)
      at Object.onceWrapper (events.js:314:30)
      at emitNone (events.js:110:20)
